2026-05-03 10:34:17 [INFO] ==============================================================================
2026-05-03 10:34:17 [INFO] A1 DLL probe started — run_id=73030f8e0f6b
2026-05-03 10:34:17 [INFO] Spec: A1-spec-2023-12-WDOFUT-v1.0
2026-05-03 10:34:17 [INFO] Council: COUNCIL-2026-05-01-DATA-resolution.md
2026-05-03 10:34:17 [INFO] Window: 2023-09-15..2023-09-15 ticker=WDOFUT
2026-05-03 10:34:17 [INFO] ==============================================================================
2026-05-03 10:34:17 [INFO] Loading DLL: C:\Users\Pichau\Desktop\profitdll\DLLs\Win64\ProfitDLL.dll
2026-05-03 10:34:18 [INFO] Calling DLLInitializeMarketLogin (market-only mode)...
2026-05-03 10:34:18 [INFO] DLLInitializeMarketLogin OK; awaiting login event (timeout=60s)...
2026-05-03 10:34:19 [INFO] Login ready after 1.2s (condition: result==2 and conn_type==2)
2026-05-03 10:34:19 [INFO] Dispatching GetHistoryTrades(ticker='WDOFUT', bolsa='F', start='15/09/2023 09:00:00', end='15/09/2023 18:00:00')
2026-05-03 10:34:19 [INFO] GetHistoryTrades returned: 0 (0=NL_OK)
2026-05-03 10:34:19 [INFO] Engine consumer draining queue...
2026-05-03 10:34:22 [INFO] Schema validation (first 1000): pass=True
2026-05-03 10:35:19 [INFO] Draining residual queue (size=0)...
2026-05-03 10:35:19 [INFO] Engine consumer drained: 633760 records total
2026-05-03 10:35:21 [INFO] Pre-finalize snapshot written (status=pre_finalize, rows=633760)
2026-05-03 10:35:21 [INFO] DLL quiesced (idle=2.91s since last cb) — calling DLLFinalize
2026-05-03 10:35:29 [INFO] dll.DLLFinalize() succeeded
2026-05-03 10:35:29 [INFO] ==============================================================================
2026-05-03 10:35:29 [INFO] Outcome: partial_coverage (R4(b))
2026-05-03 10:35:29 [INFO] Rationale: trades=633,760 schema_pass=True reached_100=True watchdog_idle=False timeout_hit=False
2026-05-03 10:35:29 [INFO] Total trades: 633760
2026-05-03 10:35:29 [INFO] Schema pass: True
2026-05-03 10:35:29 [INFO] Reached 100%: True
2026-05-03 10:35:29 [INFO] Watchdog idle: False; Timeout hit: False
2026-05-03 10:35:29 [INFO] Telemetry: C:\Users\Pichau\Desktop\Algotrader\data\dll-probes\SPIKE-NELO\S1-2023-09-15-retry\probe-telemetry-73030f8e0f6b.json
2026-05-03 10:35:29 [INFO] Parquet: C:\Users\Pichau\Desktop\Algotrader\data\dll-probes\SPIKE-NELO\S1-2023-09-15-retry\wdofut-2023-12-73030f8e0f6b.parquet (633760 rows)
2026-05-03 10:35:29 [INFO] ==============================================================================
