2026-05-02 14:45:54 [INFO] ==============================================================================
2026-05-02 14:45:54 [INFO] A1 DLL probe started — run_id=d7423f4869e1
2026-05-02 14:45:54 [INFO] Spec: A1-spec-2023-12-WDOFUT-v1.0
2026-05-02 14:45:54 [INFO] Council: COUNCIL-2026-05-01-DATA-resolution.md
2026-05-02 14:45:54 [INFO] Window: 2023-03-15..2023-03-15 ticker=WDOFUT
2026-05-02 14:45:54 [INFO] ==============================================================================
2026-05-02 14:45:54 [INFO] Loading DLL: C:\Users\Pichau\Desktop\profitdll\DLLs\Win64\ProfitDLL.dll
2026-05-02 14:45:54 [INFO] Calling DLLInitializeMarketLogin (market-only mode)...
2026-05-02 14:45:55 [INFO] DLLInitializeMarketLogin OK; awaiting login event (timeout=60s)...
2026-05-02 14:45:55 [INFO] Login ready after 0.7s (condition: result==2 and conn_type==2)
2026-05-02 14:45:55 [INFO] Dispatching GetHistoryTrades(ticker='WDOFUT', bolsa='F', start='15/03/2023 09:00:00', end='15/03/2023 18:00:00')
2026-05-02 14:45:55 [INFO] GetHistoryTrades returned: 0 (0=NL_OK)
2026-05-02 14:45:55 [INFO] Engine consumer draining queue...
2026-05-02 14:46:00 [INFO] Schema validation (first 1000): pass=False
2026-05-02 14:47:25 [WARNING] HARD TIMEOUT: 90.1s elapsed without progress=100
2026-05-02 14:47:25 [INFO] Draining residual queue (size=0)...
2026-05-02 14:47:35 [INFO] Engine consumer drained: 990223 records total
2026-05-02 14:47:39 [INFO] Pre-finalize snapshot written (status=pre_finalize, rows=990223)
2026-05-02 14:47:43 [INFO] DLL quiesced (idle=2.20s since last cb) — calling DLLFinalize
2026-05-02 14:47:46 [INFO] dll.DLLFinalize() succeeded
2026-05-02 14:47:46 [INFO] ==============================================================================
2026-05-02 14:47:46 [INFO] Outcome: partial_coverage (R4(b))
2026-05-02 14:47:46 [INFO] Rationale: trades=990,223 schema_pass=False reached_100=True watchdog_idle=False timeout_hit=True
2026-05-02 14:47:46 [INFO] Total trades: 990223
2026-05-02 14:47:46 [INFO] Schema pass: False
2026-05-02 14:47:46 [INFO] Reached 100%: True
2026-05-02 14:47:46 [INFO] Watchdog idle: False; Timeout hit: True
2026-05-02 14:47:46 [INFO] Telemetry: C:\Users\Pichau\Desktop\Algotrader\data\dll-probes\SPIKE-NELO\S1-2023-03-15-retry\probe-telemetry-d7423f4869e1.json
2026-05-02 14:47:46 [INFO] Parquet: C:\Users\Pichau\Desktop\Algotrader\data\dll-probes\SPIKE-NELO\S1-2023-03-15-retry\wdofut-2023-12-d7423f4869e1.parquet (990223 rows)
2026-05-02 14:47:46 [INFO] ==============================================================================
