2026-05-02 13:25:50 [INFO] ==============================================================================
2026-05-02 13:25:50 [INFO] A1 DLL probe started — run_id=07347fbf978f
2026-05-02 13:25:50 [INFO] Spec: A1-spec-2023-12-WDOFUT-v1.0
2026-05-02 13:25:50 [INFO] Council: COUNCIL-2026-05-01-DATA-resolution.md
2026-05-02 13:25:50 [INFO] Window: 2024-01-02..2024-01-06 ticker=WDOFUT
2026-05-02 13:25:50 [INFO] ==============================================================================
2026-05-02 13:25:50 [INFO] Loading DLL: C:\Users\Pichau\Desktop\profitdll\DLLs\Win64\ProfitDLL.dll
2026-05-02 13:25:50 [INFO] Calling DLLInitializeMarketLogin (market-only mode)...
2026-05-02 13:25:50 [INFO] DLLInitializeMarketLogin OK; awaiting login event (timeout=60s)...
2026-05-02 13:25:51 [INFO] Login ready after 1.0s (condition: result==2 and conn_type==2)
2026-05-02 13:25:51 [INFO] Dispatching GetHistoryTrades(ticker='WDOFUT', bolsa='F', start='02/01/2024 09:00:00', end='06/01/2024 18:00:00')
2026-05-02 13:25:51 [INFO] GetHistoryTrades returned: 0 (0=NL_OK)
2026-05-02 13:25:51 [INFO] Engine consumer draining queue...
2026-05-02 13:26:51 [WARNING] HARD TIMEOUT: 60.1s elapsed without progress=100
2026-05-02 13:26:51 [INFO] Draining residual queue (size=0)...
2026-05-02 13:26:51 [INFO] Engine consumer drained: 0 records total
2026-05-02 13:26:57 [INFO] dll.DLLFinalize() succeeded
2026-05-02 13:26:57 [WARNING] No records to persist — writing empty parquet anyway for telemetry parity
2026-05-02 13:26:58 [INFO] ==============================================================================
2026-05-02 13:26:58 [INFO] Outcome: retention_exhausted (R4(c))
2026-05-02 13:26:58 [INFO] Rationale: 0 trades received — pre-2024 retention floor confirmed
2026-05-02 13:26:58 [INFO] Total trades: 0
2026-05-02 13:26:58 [INFO] Schema pass: False
2026-05-02 13:26:58 [INFO] Reached 100%: False
2026-05-02 13:26:58 [INFO] Watchdog idle: False; Timeout hit: True
2026-05-02 13:26:58 [INFO] Telemetry: C:\Users\Pichau\Desktop\Algotrader\data\dll-probes\CONTROL-2024-01\probe-telemetry-07347fbf978f.json
2026-05-02 13:26:58 [INFO] Parquet: C:\Users\Pichau\Desktop\Algotrader\data\dll-probes\CONTROL-2024-01\wdofut-2023-12-07347fbf978f.parquet (0 rows)
2026-05-02 13:26:58 [INFO] ==============================================================================
